<?xml version="1.0" encoding="UTF-8"?>
<testng-results ignored="0" total="1" passed="1" failed="0" skipped="0">
  <reporter-output>
  </reporter-output>
  <suite started-at="2023-05-09T13:11:54 IST" name="Default suite" finished-at="2023-05-09T13:11:54 IST" duration-ms="281">
    <groups>
    </groups>
    <test started-at="2023-05-09T13:11:54 IST" name="Default test" finished-at="2023-05-09T13:11:54 IST" duration-ms="281">
      <class name="SerializationAndDeserialization.EmployeeSerializationObject">
        <test-method signature="EmployeeDetailsWithSpou()[pri:0, instance:SerializationAndDeserialization.EmployeeSerializationObject@693fe6c9]" started-at="2023-05-09T13:11:54 IST" name="EmployeeDetailsWithSpou" finished-at="2023-05-09T13:11:54 IST" duration-ms="234" status="PASS">
          <reporter-output>
          </reporter-output>
        </test-method> <!-- EmployeeDetailsWithSpou -->
      </class> <!-- SerializationAndDeserialization.EmployeeSerializationObject -->
    </test> <!-- Default test -->
  </suite> <!-- Default suite -->
</testng-results>
